/docker-entrypoint.sh: /docker-entrypoint.d/ is not empty, will attempt to perform configuration
/docker-entrypoint.sh: Looking for shell scripts in /docker-entrypoint.d/
/docker-entrypoint.sh: Launching /docker-entrypoint.d/10-listen-on-ipv6-by-default.sh
10-listen-on-ipv6-by-default.sh: info: IPv6 listen already enabled
/docker-entrypoint.sh: Launching /docker-entrypoint.d/20-envsubst-on-templates.sh
/docker-entrypoint.sh: Launching /docker-entrypoint.d/30-tune-worker-processes.sh
/docker-entrypoint.sh: Configuration complete; ready for start up
2023/05/07 06:38:08 [notice] 1#1: using the "epoll" event method
2023/05/07 06:38:08 [notice] 1#1: nginx/1.21.5
2023/05/07 06:38:08 [notice] 1#1: built by gcc 10.2.1 20210110 (Debian 10.2.1-6) 
2023/05/07 06:38:08 [notice] 1#1: OS: Linux 3.10.0-1062.el7.x86_64
2023/05/07 06:38:08 [notice] 1#1: getrlimit(RLIMIT_NOFILE): 1048576:1048576
2023/05/07 06:38:08 [notice] 1#1: start worker processes
2023/05/07 06:38:08 [notice] 1#1: start worker process 23
2023/05/07 06:38:08 [notice] 1#1: start worker process 24
2023/05/07 06:38:32 [notice] 1#1: signal 3 (SIGQUIT) received, shutting down
2023/05/07 06:38:32 [notice] 23#23: gracefully shutting down
2023/05/07 06:38:32 [notice] 23#23: exiting
2023/05/07 06:38:32 [notice] 24#24: gracefully shutting down
2023/05/07 06:38:32 [notice] 23#23: exit
2023/05/07 06:38:32 [notice] 24#24: exiting
2023/05/07 06:38:32 [notice] 24#24: exit
2023/05/07 06:38:32 [notice] 1#1: signal 17 (SIGCHLD) received from 24
2023/05/07 06:38:32 [notice] 1#1: worker process 24 exited with code 0
2023/05/07 06:38:32 [notice] 1#1: worker process 23 exited with code 0
2023/05/07 06:38:32 [notice] 1#1: exit
/docker-entrypoint.sh: /docker-entrypoint.d/ is not empty, will attempt to perform configuration
/docker-entrypoint.sh: Looking for shell scripts in /docker-entrypoint.d/
/docker-entrypoint.sh: Launching /docker-entrypoint.d/10-listen-on-ipv6-by-default.sh
10-listen-on-ipv6-by-default.sh: info: IPv6 listen already enabled
/docker-entrypoint.sh: Launching /docker-entrypoint.d/20-envsubst-on-templates.sh
/docker-entrypoint.sh: Launching /docker-entrypoint.d/30-tune-worker-processes.sh
/docker-entrypoint.sh: Configuration complete; ready for start up
2023/05/07 15:16:14 [notice] 1#1: using the "epoll" event method
2023/05/07 15:16:14 [notice] 1#1: nginx/1.21.5
2023/05/07 15:16:14 [notice] 1#1: built by gcc 10.2.1 20210110 (Debian 10.2.1-6) 
2023/05/07 15:16:14 [notice] 1#1: OS: Linux 3.10.0-1062.el7.x86_64
2023/05/07 15:16:14 [notice] 1#1: getrlimit(RLIMIT_NOFILE): 1048576:1048576
2023/05/07 15:16:14 [notice] 1#1: start worker processes
2023/05/07 15:16:14 [notice] 1#1: start worker process 23
2023/05/07 15:16:14 [notice] 1#1: start worker process 24
2023/05/07 15:16:30 [notice] 1#1: signal 3 (SIGQUIT) received, shutting down
2023/05/07 15:16:30 [notice] 23#23: gracefully shutting down
2023/05/07 15:16:30 [notice] 23#23: exiting
2023/05/07 15:16:30 [notice] 23#23: exit
2023/05/07 15:16:30 [notice] 24#24: gracefully shutting down
2023/05/07 15:16:30 [notice] 24#24: exiting
2023/05/07 15:16:30 [notice] 24#24: exit
2023/05/07 15:16:30 [notice] 1#1: signal 17 (SIGCHLD) received from 23
2023/05/07 15:16:30 [notice] 1#1: worker process 23 exited with code 0
2023/05/07 15:16:30 [notice] 1#1: worker process 24 exited with code 0
2023/05/07 15:16:30 [notice] 1#1: exit
